2026-01-01 00:07:20.669 [HikariPool-1:housekeeper] WARN  com.zaxxer.hikari.pool.HikariPool - HikariPool-1 - Thread starvation or clock leap detected (housekeeper delta=1h18m24s724ms).
2026-01-01 00:33:13.980 [HikariPool-1:housekeeper] WARN  com.zaxxer.hikari.pool.PoolBase - HikariPool-1 - Failed to validate connection com.mysql.cj.jdbc.ConnectionImpl@f73bb95 (No operations allowed after connection closed.). Possibly consider using a shorter maxLifetime value.
2026-01-01 00:49:17.408 [HikariPool-1:housekeeper] WARN  com.zaxxer.hikari.pool.PoolBase - HikariPool-1 - Failed to validate connection com.mysql.cj.jdbc.ConnectionImpl@14c93196 (No operations allowed after connection closed.). Possibly consider using a shorter maxLifetime value.
2026-01-01 00:49:19.641 [HikariPool-1:housekeeper] WARN  com.zaxxer.hikari.pool.PoolBase - HikariPool-1 - Failed to validate connection com.mysql.cj.jdbc.ConnectionImpl@2c86498b (No operations allowed after connection closed.). Possibly consider using a shorter maxLifetime value.
2026-01-01 01:07:17.571 [HikariPool-1:housekeeper] WARN  com.zaxxer.hikari.pool.PoolBase - HikariPool-1 - Failed to validate connection com.mysql.cj.jdbc.ConnectionImpl@62d6ac (No operations allowed after connection closed.). Possibly consider using a shorter maxLifetime value.
2026-01-01 01:07:20.568 [HikariPool-1:housekeeper] WARN  com.zaxxer.hikari.pool.PoolBase - HikariPool-1 - Failed to validate connection com.mysql.cj.jdbc.ConnectionImpl@361633ca (No operations allowed after connection closed.). Possibly consider using a shorter maxLifetime value.
2026-01-01 01:07:23.417 [HikariPool-1:housekeeper] WARN  com.zaxxer.hikari.pool.HikariPool - HikariPool-1 - Thread starvation or clock leap detected (housekeeper delta=1h2s748ms).
2026-01-01 01:07:28.373 [HikariPool-1:housekeeper] WARN  com.zaxxer.hikari.pool.PoolBase - HikariPool-1 - Failed to validate connection com.mysql.cj.jdbc.ConnectionImpl@111fdf27 (No operations allowed after connection closed.). Possibly consider using a shorter maxLifetime value.
2026-01-01 01:07:38.573 [HikariPool-1:housekeeper] WARN  com.zaxxer.hikari.pool.PoolBase - HikariPool-1 - Failed to validate connection com.mysql.cj.jdbc.ConnectionImpl@1bdfac95 (No operations allowed after connection closed.). Possibly consider using a shorter maxLifetime value.
2026-01-01 01:42:07.945 [HikariPool-1:housekeeper] WARN  com.zaxxer.hikari.pool.PoolBase - HikariPool-1 - Failed to validate connection com.mysql.cj.jdbc.ConnectionImpl@2f7d4d08 (No operations allowed after connection closed.). Possibly consider using a shorter maxLifetime value.
2026-01-01 02:00:05.958 [HikariPool-1:housekeeper] WARN  com.zaxxer.hikari.pool.HikariPool - HikariPool-1 - Thread starvation or clock leap detected (housekeeper delta=52m12s533ms).
2026-01-01 03:14:57.176 [HikariPool-1:housekeeper] WARN  com.zaxxer.hikari.pool.HikariPool - HikariPool-1 - Thread starvation or clock leap detected (housekeeper delta=1h14m51s218ms).
2026-01-01 03:38:46.570 [HikariPool-1:housekeeper] WARN  com.zaxxer.hikari.pool.PoolBase - HikariPool-1 - Failed to validate connection com.mysql.cj.jdbc.ConnectionImpl@2d1569c1 (No operations allowed after connection closed.). Possibly consider using a shorter maxLifetime value.
2026-01-01 03:38:46.595 [HikariPool-1:housekeeper] WARN  com.zaxxer.hikari.pool.PoolBase - HikariPool-1 - Failed to validate connection com.mysql.cj.jdbc.ConnectionImpl@773c0315 (No operations allowed after connection closed.). Possibly consider using a shorter maxLifetime value.
2026-01-01 03:53:54.100 [HikariPool-1:housekeeper] WARN  com.zaxxer.hikari.pool.PoolBase - HikariPool-1 - Failed to validate connection com.mysql.cj.jdbc.ConnectionImpl@3139c01f (No operations allowed after connection closed.). Possibly consider using a shorter maxLifetime value.
2026-01-01 03:53:56.898 [HikariPool-1:housekeeper] WARN  com.zaxxer.hikari.pool.PoolBase - HikariPool-1 - Failed to validate connection com.mysql.cj.jdbc.ConnectionImpl@5e2c7310 (No operations allowed after connection closed.). Possibly consider using a shorter maxLifetime value.
2026-01-01 03:53:57.379 [HikariPool-1:housekeeper] WARN  com.zaxxer.hikari.pool.PoolBase - HikariPool-1 - Failed to validate connection com.mysql.cj.jdbc.ConnectionImpl@59b01387 (No operations allowed after connection closed.). Possibly consider using a shorter maxLifetime value.
2026-01-01 04:28:01.256 [HikariPool-1:housekeeper] WARN  com.zaxxer.hikari.pool.HikariPool - HikariPool-1 - Thread starvation or clock leap detected (housekeeper delta=1h13m4s79ms).
2026-01-01 04:43:16.847 [AsyncResolver-bootstrap-executor-%d] INFO  c.n.d.s.r.aws.ConfigClusterResolver - Resolving eureka endpoints via configuration
2026-01-01 04:52:49.868 [HikariPool-1:housekeeper] WARN  com.zaxxer.hikari.pool.PoolBase - HikariPool-1 - Failed to validate connection com.mysql.cj.jdbc.ConnectionImpl@4db28223 (No operations allowed after connection closed.). Possibly consider using a shorter maxLifetime value.
2026-01-01 05:39:54.678 [HikariPool-1:housekeeper] WARN  com.zaxxer.hikari.pool.HikariPool - HikariPool-1 - Thread starvation or clock leap detected (housekeeper delta=1h11m53s423ms).
2026-01-01 06:12:00.820 [HikariPool-1:housekeeper] WARN  com.zaxxer.hikari.pool.PoolBase - HikariPool-1 - Failed to validate connection com.mysql.cj.jdbc.ConnectionImpl@61e310b4 (No operations allowed after connection closed.). Possibly consider using a shorter maxLifetime value.
2026-01-01 06:27:30.452 [HikariPool-1:housekeeper] WARN  com.zaxxer.hikari.pool.PoolBase - HikariPool-1 - Failed to validate connection com.mysql.cj.jdbc.ConnectionImpl@35fd31bd (No operations allowed after connection closed.). Possibly consider using a shorter maxLifetime value.
2026-01-01 06:32:00.485 [HikariPool-1:housekeeper] WARN  com.zaxxer.hikari.pool.PoolBase - HikariPool-1 - Failed to validate connection com.mysql.cj.jdbc.ConnectionImpl@b98a2d3 (No operations allowed after connection closed.). Possibly consider using a shorter maxLifetime value.
2026-01-01 06:32:00.545 [HikariPool-1:housekeeper] WARN  com.zaxxer.hikari.pool.HikariPool - HikariPool-1 - Thread starvation or clock leap detected (housekeeper delta=52m5s867ms).
2026-01-01 06:31:59.385 [HikariPool-1:housekeeper] WARN  com.zaxxer.hikari.pool.PoolBase - HikariPool-1 - Failed to validate connection com.mysql.cj.jdbc.ConnectionImpl@3946a0b (No operations allowed after connection closed.). Possibly consider using a shorter maxLifetime value.
2026-01-01 06:57:09.872 [HikariPool-1:housekeeper] WARN  com.zaxxer.hikari.pool.PoolBase - HikariPool-1 - Failed to validate connection com.mysql.cj.jdbc.ConnectionImpl@302b56bc (No operations allowed after connection closed.). Possibly consider using a shorter maxLifetime value.
2026-01-01 07:30:47.465 [HikariPool-1:housekeeper] WARN  com.zaxxer.hikari.pool.PoolBase - HikariPool-1 - Failed to validate connection com.mysql.cj.jdbc.ConnectionImpl@47650d93 (No operations allowed after connection closed.). Possibly consider using a shorter maxLifetime value.
2026-01-01 07:30:48.448 [HikariPool-1:housekeeper] WARN  com.zaxxer.hikari.pool.HikariPool - HikariPool-1 - Thread starvation or clock leap detected (housekeeper delta=58m47s902ms).
2026-01-01 07:30:50.420 [HikariPool-1:housekeeper] WARN  com.zaxxer.hikari.pool.PoolBase - HikariPool-1 - Failed to validate connection com.mysql.cj.jdbc.ConnectionImpl@6a5ee3b2 (No operations allowed after connection closed.). Possibly consider using a shorter maxLifetime value.
2026-01-01 07:41:50.417 [HikariPool-1:housekeeper] WARN  com.zaxxer.hikari.pool.PoolBase - HikariPool-1 - Failed to validate connection com.mysql.cj.jdbc.ConnectionImpl@8626a4c (No operations allowed after connection closed.). Possibly consider using a shorter maxLifetime value.
2026-01-01 07:41:54.031 [HikariPool-1:housekeeper] WARN  com.zaxxer.hikari.pool.PoolBase - HikariPool-1 - Failed to validate connection com.mysql.cj.jdbc.ConnectionImpl@3e6d23ad (No operations allowed after connection closed.). Possibly consider using a shorter maxLifetime value.
2026-01-01 08:15:07.658 [HikariPool-1:housekeeper] WARN  com.zaxxer.hikari.pool.PoolBase - HikariPool-1 - Failed to validate connection com.mysql.cj.jdbc.ConnectionImpl@19e5eff5 (No operations allowed after connection closed.). Possibly consider using a shorter maxLifetime value.
2026-01-01 08:42:53.844 [HikariPool-1:housekeeper] WARN  com.zaxxer.hikari.pool.HikariPool - HikariPool-1 - Thread starvation or clock leap detected (housekeeper delta=1h12m5s397ms).
2026-01-01 09:30:13.701 [HikariPool-1:housekeeper] WARN  com.zaxxer.hikari.pool.PoolBase - HikariPool-1 - Failed to validate connection com.mysql.cj.jdbc.ConnectionImpl@362cda81 (No operations allowed after connection closed.). Possibly consider using a shorter maxLifetime value.
2026-01-01 10:01:03.231 [HikariPool-1:housekeeper] WARN  com.zaxxer.hikari.pool.HikariPool - HikariPool-1 - Thread starvation or clock leap detected (housekeeper delta=1h18m9s387ms).
2026-01-01 10:01:05.741 [HikariPool-1:housekeeper] WARN  com.zaxxer.hikari.pool.PoolBase - HikariPool-1 - Failed to validate connection com.mysql.cj.jdbc.ConnectionImpl@797630fe (No operations allowed after connection closed.). Possibly consider using a shorter maxLifetime value.
2026-01-01 10:45:07.984 [HikariPool-1:housekeeper] WARN  com.zaxxer.hikari.pool.PoolBase - HikariPool-1 - Failed to validate connection com.mysql.cj.jdbc.ConnectionImpl@1d45c83c (No operations allowed after connection closed.). Possibly consider using a shorter maxLifetime value.
2026-01-01 10:45:09.354 [HikariPool-1:housekeeper] WARN  com.zaxxer.hikari.pool.PoolBase - HikariPool-1 - Failed to validate connection com.mysql.cj.jdbc.ConnectionImpl@483f7ad3 (No operations allowed after connection closed.). Possibly consider using a shorter maxLifetime value.
2026-01-01 10:45:09.439 [HikariPool-1:housekeeper] WARN  com.zaxxer.hikari.pool.HikariPool - HikariPool-1 - Thread starvation or clock leap detected (housekeeper delta=44m6s208ms).
2026-01-01 11:18:22.872 [HikariPool-1:housekeeper] WARN  com.zaxxer.hikari.pool.PoolBase - HikariPool-1 - Failed to validate connection com.mysql.cj.jdbc.ConnectionImpl@412b0506 (No operations allowed after connection closed.). Possibly consider using a shorter maxLifetime value.
2026-01-01 11:18:24.977 [HikariPool-1:housekeeper] WARN  com.zaxxer.hikari.pool.PoolBase - HikariPool-1 - Failed to validate connection com.mysql.cj.jdbc.ConnectionImpl@24d7306f (No operations allowed after connection closed.). Possibly consider using a shorter maxLifetime value.
2026-01-01 11:34:58.623 [HikariPool-1:housekeeper] WARN  com.zaxxer.hikari.pool.PoolBase - HikariPool-1 - Failed to validate connection com.mysql.cj.jdbc.ConnectionImpl@10b5e0eb (No operations allowed after connection closed.). Possibly consider using a shorter maxLifetime value.
2026-01-01 11:34:59.200 [HikariPool-1:housekeeper] WARN  com.zaxxer.hikari.pool.PoolBase - HikariPool-1 - Failed to validate connection com.mysql.cj.jdbc.ConnectionImpl@7fd92266 (No operations allowed after connection closed.). Possibly consider using a shorter maxLifetime value.
2026-01-01 12:04:03.774 [HikariPool-1:housekeeper] WARN  com.zaxxer.hikari.pool.HikariPool - HikariPool-1 - Thread starvation or clock leap detected (housekeeper delta=1h18m54s335ms).
2026-01-01 12:36:41.807 [HikariPool-1:housekeeper] WARN  com.zaxxer.hikari.pool.PoolBase - HikariPool-1 - Failed to validate connection com.mysql.cj.jdbc.ConnectionImpl@4acbf93 (No operations allowed after connection closed.). Possibly consider using a shorter maxLifetime value.
2026-01-01 12:46:55.479 [HikariPool-1:housekeeper] WARN  com.zaxxer.hikari.pool.PoolBase - HikariPool-1 - Failed to validate connection com.mysql.cj.jdbc.ConnectionImpl@530718b9 (No operations allowed after connection closed.). Possibly consider using a shorter maxLifetime value.
2026-01-01 13:05:52.582 [HikariPool-1:housekeeper] WARN  com.zaxxer.hikari.pool.PoolBase - HikariPool-1 - Failed to validate connection com.mysql.cj.jdbc.ConnectionImpl@b4821e6 (No operations allowed after connection closed.). Possibly consider using a shorter maxLifetime value.
2026-01-01 13:05:53.336 [HikariPool-1:housekeeper] WARN  com.zaxxer.hikari.pool.HikariPool - HikariPool-1 - Thread starvation or clock leap detected (housekeeper delta=1h1m49s562ms).
2026-01-01 13:51:15.316 [HikariPool-1:housekeeper] WARN  com.zaxxer.hikari.pool.PoolBase - HikariPool-1 - Failed to validate connection com.mysql.cj.jdbc.ConnectionImpl@1af86165 (No operations allowed after connection closed.). Possibly consider using a shorter maxLifetime value.
2026-01-01 13:51:17.313 [HikariPool-1:housekeeper] WARN  com.zaxxer.hikari.pool.HikariPool - HikariPool-1 - Thread starvation or clock leap detected (housekeeper delta=45m23s977ms).
2026-01-01 14:26:09.830 [HikariPool-1:housekeeper] WARN  com.zaxxer.hikari.pool.PoolBase - HikariPool-1 - Failed to validate connection com.mysql.cj.jdbc.ConnectionImpl@4e15cf33 (No operations allowed after connection closed.). Possibly consider using a shorter maxLifetime value.
2026-01-01 14:41:39.785 [HikariPool-1:housekeeper] WARN  com.zaxxer.hikari.pool.PoolBase - HikariPool-1 - Failed to validate connection com.mysql.cj.jdbc.ConnectionImpl@11c59614 (No operations allowed after connection closed.). Possibly consider using a shorter maxLifetime value.
2026-01-01 14:48:57.420 [HikariPool-1:housekeeper] WARN  com.zaxxer.hikari.pool.PoolBase - HikariPool-1 - Failed to validate connection com.mysql.cj.jdbc.ConnectionImpl@435e1697 (No operations allowed after connection closed.). Possibly consider using a shorter maxLifetime value.
2026-01-01 14:48:58.559 [HikariPool-1:housekeeper] WARN  com.zaxxer.hikari.pool.HikariPool - HikariPool-1 - Thread starvation or clock leap detected (housekeeper delta=57m41s246ms).
2026-01-01 14:49:00.475 [AsyncResolver-bootstrap-executor-%d] INFO  c.n.d.s.r.aws.ConfigClusterResolver - Resolving eureka endpoints via configuration
2026-01-01 14:53:29.964 [HikariPool-1:housekeeper] WARN  com.zaxxer.hikari.pool.PoolBase - HikariPool-1 - Failed to validate connection com.mysql.cj.jdbc.ConnectionImpl@73063822 (No operations allowed after connection closed.). Possibly consider using a shorter maxLifetime value.
2026-01-01 15:26:58.284 [HikariPool-1:housekeeper] WARN  com.zaxxer.hikari.pool.PoolBase - HikariPool-1 - Failed to validate connection com.mysql.cj.jdbc.ConnectionImpl@137948e6 (No operations allowed after connection closed.). Possibly consider using a shorter maxLifetime value.
2026-01-01 15:43:25.452 [HikariPool-1:housekeeper] WARN  com.zaxxer.hikari.pool.PoolBase - HikariPool-1 - Failed to validate connection com.mysql.cj.jdbc.ConnectionImpl@4856fdb2 (No operations allowed after connection closed.). Possibly consider using a shorter maxLifetime value.
2026-01-01 15:49:59.007 [HikariPool-1:housekeeper] WARN  com.zaxxer.hikari.pool.HikariPool - HikariPool-1 - Thread starvation or clock leap detected (housekeeper delta=1h1m448ms).
2026-01-01 16:06:40.323 [HikariPool-1:housekeeper] WARN  com.zaxxer.hikari.pool.PoolBase - HikariPool-1 - Failed to validate connection com.mysql.cj.jdbc.ConnectionImpl@4d5c64a0 (No operations allowed after connection closed.). Possibly consider using a shorter maxLifetime value.
2026-01-01 16:39:07.544 [HikariPool-1:housekeeper] WARN  com.zaxxer.hikari.pool.HikariPool - HikariPool-1 - Thread starvation or clock leap detected (housekeeper delta=49m8s537ms).
2026-01-01 16:50:59.588 [HikariPool-1:housekeeper] WARN  com.zaxxer.hikari.pool.PoolBase - HikariPool-1 - Failed to validate connection com.mysql.cj.jdbc.ConnectionImpl@2e406fb5 (No operations allowed after connection closed.). Possibly consider using a shorter maxLifetime value.
2026-01-01 17:39:23.119 [HikariPool-1:housekeeper] WARN  com.zaxxer.hikari.pool.HikariPool - HikariPool-1 - Thread starvation or clock leap detected (housekeeper delta=1h15s575ms).
2026-01-01 17:39:23.283 [HikariPool-1:housekeeper] WARN  com.zaxxer.hikari.pool.PoolBase - HikariPool-1 - Failed to validate connection com.mysql.cj.jdbc.ConnectionImpl@17fd3d6e (No operations allowed after connection closed.). Possibly consider using a shorter maxLifetime value.
2026-01-01 18:09:25.349 [HikariPool-1:housekeeper] WARN  com.zaxxer.hikari.pool.PoolBase - HikariPool-1 - Failed to validate connection com.mysql.cj.jdbc.ConnectionImpl@6f29a2c8 (No operations allowed after connection closed.). Possibly consider using a shorter maxLifetime value.
2026-01-01 18:27:06.080 [HikariPool-1:housekeeper] WARN  com.zaxxer.hikari.pool.PoolBase - HikariPool-1 - Failed to validate connection com.mysql.cj.jdbc.ConnectionImpl@7740ad3d (No operations allowed after connection closed.). Possibly consider using a shorter maxLifetime value.
2026-01-01 18:43:56.735 [HikariPool-1:housekeeper] WARN  com.zaxxer.hikari.pool.PoolBase - HikariPool-1 - Failed to validate connection com.mysql.cj.jdbc.ConnectionImpl@498e3636 (No operations allowed after connection closed.). Possibly consider using a shorter maxLifetime value.
2026-01-01 18:53:01.446 [HikariPool-1:housekeeper] WARN  com.zaxxer.hikari.pool.PoolBase - HikariPool-1 - Failed to validate connection com.mysql.cj.jdbc.ConnectionImpl@b97d6c4 (No operations allowed after connection closed.). Possibly consider using a shorter maxLifetime value.
2026-01-01 18:53:03.734 [HikariPool-1:housekeeper] WARN  com.zaxxer.hikari.pool.HikariPool - HikariPool-1 - Thread starvation or clock leap detected (housekeeper delta=1h13m40s615ms).
2026-01-01 18:53:07.305 [HikariPool-1:housekeeper] WARN  com.zaxxer.hikari.pool.PoolBase - HikariPool-1 - Failed to validate connection com.mysql.cj.jdbc.ConnectionImpl@5a2a69b9 (No operations allowed after connection closed.). Possibly consider using a shorter maxLifetime value.
2026-01-01 19:25:13.445 [HikariPool-1:housekeeper] WARN  com.zaxxer.hikari.pool.PoolBase - HikariPool-1 - Failed to validate connection com.mysql.cj.jdbc.ConnectionImpl@1b0213af (No operations allowed after connection closed.). Possibly consider using a shorter maxLifetime value.
2026-01-01 19:41:10.454 [HikariPool-1:housekeeper] WARN  com.zaxxer.hikari.pool.PoolBase - HikariPool-1 - Failed to validate connection com.mysql.cj.jdbc.ConnectionImpl@1c8fdef2 (No operations allowed after connection closed.). Possibly consider using a shorter maxLifetime value.
2026-01-01 19:54:08.301 [HikariPool-1:housekeeper] WARN  com.zaxxer.hikari.pool.HikariPool - HikariPool-1 - Thread starvation or clock leap detected (housekeeper delta=1h1m4s567ms).
2026-01-01 19:54:08.844 [HikariPool-1:housekeeper] WARN  com.zaxxer.hikari.pool.PoolBase - HikariPool-1 - Failed to validate connection com.mysql.cj.jdbc.ConnectionImpl@7246b50 (No operations allowed after connection closed.). Possibly consider using a shorter maxLifetime value.
2026-01-01 20:47:45.195 [HikariPool-1:housekeeper] WARN  com.zaxxer.hikari.pool.PoolBase - HikariPool-1 - Failed to validate connection com.mysql.cj.jdbc.ConnectionImpl@4e0765be (No operations allowed after connection closed.). Possibly consider using a shorter maxLifetime value.
2026-01-01 20:55:08.787 [HikariPool-1:housekeeper] WARN  com.zaxxer.hikari.pool.HikariPool - HikariPool-1 - Thread starvation or clock leap detected (housekeeper delta=1h1m486ms).
2026-01-01 21:15:36.113 [HikariPool-1:housekeeper] WARN  com.zaxxer.hikari.pool.PoolBase - HikariPool-1 - Failed to validate connection com.mysql.cj.jdbc.ConnectionImpl@1cda4063 (No operations allowed after connection closed.). Possibly consider using a shorter maxLifetime value.
2026-01-01 21:15:54.545 [HikariPool-1:housekeeper] WARN  com.zaxxer.hikari.pool.PoolBase - HikariPool-1 - Failed to validate connection com.mysql.cj.jdbc.ConnectionImpl@30d8714b (No operations allowed after connection closed.). Possibly consider using a shorter maxLifetime value.
2026-01-01 21:15:57.323 [HikariPool-1:housekeeper] WARN  com.zaxxer.hikari.pool.PoolBase - HikariPool-1 - Failed to validate connection com.mysql.cj.jdbc.ConnectionImpl@58e87452 (No operations allowed after connection closed.). Possibly consider using a shorter maxLifetime value.
2026-01-01 21:15:58.246 [HikariPool-1:housekeeper] WARN  com.zaxxer.hikari.pool.HikariPool - HikariPool-1 - Thread starvation or clock leap detected (housekeeper delta=20m49s459ms).
2026-01-01 21:16:15.485 [HikariPool-1:housekeeper] WARN  com.zaxxer.hikari.pool.PoolBase - HikariPool-1 - Failed to validate connection com.mysql.cj.jdbc.ConnectionImpl@5e6412ce (No operations allowed after connection closed.). Possibly consider using a shorter maxLifetime value.
2026-01-01 21:17:30.120 [AsyncResolver-bootstrap-executor-%d] INFO  c.n.d.s.r.aws.ConfigClusterResolver - Resolving eureka endpoints via configuration
2026-01-01 21:25:06.829 [HikariPool-1:housekeeper] WARN  com.zaxxer.hikari.pool.HikariPool - HikariPool-1 - Thread starvation or clock leap detected (housekeeper delta=7m38s560ms).
2026-01-01 22:13:52.309 [HikariPool-1:housekeeper] WARN  com.zaxxer.hikari.pool.HikariPool - HikariPool-1 - Thread starvation or clock leap detected (housekeeper delta=48m45s480ms).
2026-01-01 23:30:23.798 [HikariPool-1:housekeeper] WARN  com.zaxxer.hikari.pool.HikariPool - HikariPool-1 - Thread starvation or clock leap detected (housekeeper delta=1h16m31s489ms).
